<?xml version="1.0" encoding="UTF-8"?>
<!-- Generated by org.testng.reporters.JUnitReportReporter -->
<testsuite skipped="0" hostname="DESKTOP-UPROHOD" name="checkCommoditiesPrice.CheckGoldPrice" tests="1" failures="0" timestamp="03 Jun 2021 11:51:37 GMT" time="92.432" errors="0">
  <testcase name="getGoldRate" time="92.432" classname="checkCommoditiesPrice.CheckGoldPrice"/>
</testsuite> <!-- checkCommoditiesPrice.CheckGoldPrice -->
