<?xml version="1.0" encoding="UTF-8"?>
<!-- Generated by org.testng.reporters.JUnitReportReporter -->
<testsuite skipped="0" hostname="DESKTOP-UPROHOD" name="checkCurrencyValue.checkHigherCurrencyValue" tests="1" failures="0" timestamp="07 Jun 2021 11:13:15 GMT" time="16.221" errors="0">
  <testcase name="getCurrencyValue" time="16.221" classname="checkCurrencyValue.checkHigherCurrencyValue"/>
</testsuite> <!-- checkCurrencyValue.checkHigherCurrencyValue -->
