<?xml version="1.0" encoding="UTF-8"?>
<!-- Generated by org.testng.reporters.JUnitReportReporter -->
<testsuite skipped="0" hostname="DESKTOP-UPROHOD" name="seachCompanies.Seach10CompanyAndStoreToExcel" tests="1" failures="0" timestamp="01 Jun 2021 08:05:27 GMT" time="436.353" errors="0">
  <testcase name="loginWvaliddata" time="436.353" classname="seachCompanies.Seach10CompanyAndStoreToExcel"/>
</testsuite> <!-- seachCompanies.Seach10CompanyAndStoreToExcel -->
